Log file open, 06/18/24 17:14:19
LogWindows: Failed to load 'aqProf.dll' (GetLastError=126)
LogWindows: File 'aqProf.dll' does not exist
LogWindows: Failed to load 'VSPerf140.dll' (GetLastError=126)
LogWindows: File 'VSPerf140.dll' does not exist
LogWindows: Failed to load 'VtuneApi.dll' (GetLastError=126)
LogWindows: File 'VtuneApi.dll' does not exist
LogWindows: Failed to load 'VtuneApi32e.dll' (GetLastError=126)
LogWindows: File 'VtuneApi32e.dll' does not exist
LogInit: Display: Running engine for game: EaseBuildingSystem
LogPlatformFile: Not using cached read wrapper
LogTaskGraph: Started task graph with 5 named threads and 23 total threads with 3 sets of task threads.
LogStats: Stats thread started at 0.501744
LogD3D11RHI: Loaded GFSDK_Aftermath_Lib.x64.dll
LogICUInternationalization: Display: ICU TimeZone Detection - Raw Offset: +2:00, Platform Override: ''
LogPluginManager: Mounting plugin Paper2D
LogPluginManager: Mounting plugin AISupport
LogPluginManager: Mounting plugin LightPropagationVolume
LogPluginManager: Mounting plugin CLionSourceCodeAccess
LogPluginManager: Mounting plugin CodeLiteSourceCodeAccess
LogPluginManager: Mounting plugin GitSourceControl
LogPluginManager: Mounting plugin KDevelopSourceCodeAccess
LogPluginManager: Mounting plugin NullSourceCodeAccess
LogPluginManager: Mounting plugin PerforceSourceControl
LogPluginManager: Mounting plugin SubversionSourceControl
LogPluginManager: Mounting plugin UObjectPlugin
LogPluginManager: Mounting plugin VisualStudioCodeSourceCodeAccess
LogPluginManager: Mounting plugin VisualStudioSourceCodeAccess
LogPluginManager: Mounting plugin XCodeSourceCodeAccess
LogPluginManager: Mounting plugin AssetManagerEditor
LogPluginManager: Mounting plugin CryptoKeys
LogPluginManager: Mounting plugin DataValidation
LogPluginManager: Mounting plugin FacialAnimation
LogPluginManager: Mounting plugin GameplayTagsEditor
LogPluginManager: Mounting plugin MacGraphicsSwitching
LogPluginManager: Mounting plugin MeshEditor
LogPluginManager: Mounting plugin MobileLauncherProfileWizard
LogPluginManager: Mounting plugin PluginBrowser
LogPluginManager: Mounting plugin SpeedTreeImporter
LogPluginManager: Mounting plugin DatasmithContent
LogPluginManager: Mounting plugin AlembicImporter
LogPluginManager: Mounting plugin AppleImageUtils
LogPluginManager: Mounting plugin AppleVision
LogPluginManager: Mounting plugin BackChannel
LogPluginManager: Mounting plugin CharacterAI
LogPluginManager: Mounting plugin GeometryCache
LogPluginManager: Mounting plugin HTML5Networking
LogPluginManager: Mounting plugin ProxyLODPlugin
LogPluginManager: Mounting plugin MagicLeap
LogPluginManager: Mounting plugin MagicLeapEmulator
LogPluginManager: Mounting plugin MagicLeapMedia
LogPluginManager: Mounting plugin AndroidMedia
LogPluginManager: Mounting plugin AvfMedia
LogPluginManager: Mounting plugin ImgMedia
LogPluginManager: Mounting plugin LinearTimecode
LogPluginManager: Mounting plugin MediaCompositing
LogPluginManager: Mounting plugin MediaPlayerEditor
LogPluginManager: Mounting plugin WmfMedia
LogPluginManager: Mounting plugin TcpMessaging
LogPluginManager: Mounting plugin UdpMessaging
LogPluginManager: Mounting plugin ActorSequence
LogPluginManager: Mounting plugin LevelSequenceEditor
LogPluginManager: Mounting plugin MatineeToLevelSequence
LogPluginManager: Mounting plugin NetcodeUnitTest
LogPluginManager: Mounting plugin NUTUnrealEngine4
LogPluginManager: Mounting plugin OnlineSubsystemGooglePlay
LogPluginManager: Mounting plugin OnlineSubsystemIOS
LogPluginManager: Mounting plugin OnlineSubsystem
LogPluginManager: Mounting plugin OnlineSubsystemNull
LogPluginManager: Mounting plugin OnlineSubsystemUtils
LogPluginManager: Mounting plugin LauncherChunkInstaller
LogPluginManager: Mounting plugin AndroidDeviceProfileSelector
LogPluginManager: Mounting plugin AndroidMoviePlayer
LogPluginManager: Mounting plugin AndroidPermission
LogPluginManager: Mounting plugin ApexDestruction
LogPluginManager: Mounting plugin AppleMoviePlayer
LogPluginManager: Mounting plugin ArchVisCharacter
LogPluginManager: Mounting plugin AudioCapture
LogPluginManager: Mounting plugin CableComponent
LogPluginManager: Mounting plugin CustomMeshComponent
LogPluginManager: Mounting plugin EditableMesh
LogPluginManager: Mounting plugin ExampleDeviceProfileSelector
LogPluginManager: Mounting plugin GoogleCloudMessaging
LogPluginManager: Mounting plugin ImmediatePhysics
LogPluginManager: Mounting plugin IOSDeviceProfileSelector
LogPluginManager: Mounting plugin LinuxDeviceProfileSelector
LogPluginManager: Mounting plugin LocationServicesBPLibrary
LogPluginManager: Mounting plugin MobilePatchingUtils
LogPluginManager: Mounting plugin OculusVR
LogPluginManager: Plugin shader directory ../../../Engine/Plugins/Runtime/Oculus/OculusVR/Shaders found
LogPluginManager: Mapping shader source directory ../../../Engine/Plugins/Runtime/Oculus/OculusVR/Shaders to virtual directory /Plugin/OculusVR
LogPluginManager: Mounting plugin PhysXVehicles
LogPluginManager: Mounting plugin ProceduralMeshComponent
LogPluginManager: Mounting plugin RuntimePhysXCooking
LogPluginManager: Mounting plugin SteamVR
LogPluginManager: Mounting plugin WindowsMoviePlayer
LogStreaming: Display: Took  0.061s to configure plugins.
LogInit: Using libcurl 7.55.1-DEV
LogInit:  - built for x86_64-pc-win32
LogInit:  - supports SSL with OpenSSL/1.0.2h
LogInit:  - supports HTTP deflate (compression) using libz 1.2.8
LogInit:  - other features:
LogInit:      CURL_VERSION_SSL
LogInit:      CURL_VERSION_LIBZ
LogInit:      CURL_VERSION_IPV6
LogInit:      CURL_VERSION_ASYNCHDNS
LogInit:      CURL_VERSION_LARGEFILE
LogInit:      CURL_VERSION_IDN
LogInit:  CurlRequestOptions (configurable via config and command line):
LogInit:  - bVerifyPeer = false  - Libcurl will NOT verify peer certificate
LogInit:  - bUseHttpProxy = false  - Libcurl will NOT use HTTP proxy
LogInit:  - bDontReuseConnections = false  - Libcurl will reuse connections
LogInit:  - CertBundlePath = nullptr  - Libcurl will use whatever was configured at build time.
LogInit:  - MaxHostConnections = 16  - Libcurl will limit the number of connections to a host
LogInit:  - LocalHostAddr = Default
LogInit:  - BufferSize = 65536
LogInit: WinSock: version 1.1 (2.2), MaxSocks=32767, MaxUdp=65467
LogInit: Build: ++UE4+Release-4.20-CL-4369336
LogInit: Engine Version: 4.20.3-4369336+++UE4+Release-4.20
LogInit: Compatible Engine Version: 4.20.0-4212847+++UE4+Release-4.20
LogInit: Net CL: 4212847
LogInit: OS: Windows 10 (), CPU: Intel(R) Core(TM) i5-10300H CPU @ 2.50GHz, GPU: Intel(R) UHD Graphics
LogInit: Compiled (64-bit): Sep 17 2018 12:26:19
LogInit: Compiled with Visual C++: 19.13.26129.00
LogInit: Build Configuration: Development
LogInit: Branch Name: ++UE4+Release-4.20
LogInit: Command Line:  
LogInit: Base Directory: D:/Unreal Engine 4/UE_4.20/Engine/Binaries/Win64/
LogInit: Installed Engine Build: 1
LogDevObjectVersion: Number of dev versions registered: 20
LogDevObjectVersion:   Dev-Blueprints (B0D832E4-1F89-4F0D-ACCF-7EB736FD4AA2): 10
LogDevObjectVersion:   Dev-Build (E1C64328-A22C-4D53-A36C-8E866417BD8C): 0
LogDevObjectVersion:   Dev-Core (375EC13C-06E4-48FB-B500-84F0262A717E): 2
LogDevObjectVersion:   Dev-Editor (E4B068ED-F494-42E9-A231-DA0B2E46BB41): 24
LogDevObjectVersion:   Dev-Framework (CFFC743F-43B0-4480-9391-14DF171D2073): 34
LogDevObjectVersion:   Dev-Mobile (B02B49B5-BB20-44E9-A304-32B752E40360): 2
LogDevObjectVersion:   Dev-Networking (A4E4105C-59A1-49B5-A7C5-40C4547EDFEE): 0
LogDevObjectVersion:   Dev-Online (39C831C9-5AE6-47DC-9A44-9C173E1C8E7C): 0
LogDevObjectVersion:   Dev-Physics (78F01B33-EBEA-4F98-B9B4-84EACCB95AA2): 0
LogDevObjectVersion:   Dev-Platform (6631380F-2D4D-43E0-8009-CF276956A95A): 0
LogDevObjectVersion:   Dev-Rendering (12F88B9F-8875-4AFC-A67C-D90C383ABD29): 26
LogDevObjectVersion:   Dev-Sequencer (7B5AE74C-D270-4C10-A958-57980B212A5A): 9
LogDevObjectVersion:   Dev-VR (D7296918-1DD6-4BDD-9DE2-64A83CC13884): 2
LogDevObjectVersion:   Dev-LoadTimes (C2A15278-BFE7-4AFE-6C17-90FF531DF755): 1
LogDevObjectVersion:   Private-Geometry (6EACA3D4-40EC-4CC1-B786-8BED09428FC5): 3
LogDevObjectVersion:   Dev-AnimPhys (29E575DD-E0A3-4627-9D10-D276232CDCEA): 17
LogDevObjectVersion:   Dev-ReflectionCapture (6B266CEC-1EC7-4B8F-A30B-E4D90942FC07): 1
LogDevObjectVersion:   Dev-Automation (0DF73D61-A23F-47EA-B727-89E90C41499A): 1
LogDevObjectVersion:   FortniteMain (601D1886-AC64-4F84-AA16-D3DE0DEAC7D6): 12
LogDevObjectVersion:   Dev-Enterprise (9DFFBCD6-494F-0158-E221-12823C92A888): 1
LogStreaming: Display: Took  0.000s to delete old logs.
LogInit: Presizing for max 8388607 objects, including 0 objects not considered by GC, pre-allocating 0 bytes for permanent pool.
LogInit: Object subsystem initialized
[2024.06.18-14.14.19:310][  0]LogInit: Selected Device Profile: [Windows]
[2024.06.18-14.14.19:310][  0]LogInit: Applying CVar settings loaded from the selected device profile: [Windows]
[2024.06.18-14.14.19:318][  0]LogHAL: Display: Platform has ~ 8 GB [8419024896 / 8589934592 / 8], which maps to Default [LargestMinGB=32, LargerMinGB=12, DefaultMinGB=8, SmallerMinGB=6, SmallestMinGB=0)
[2024.06.18-14.14.19:318][  0]LogInit: Setting Device Profile CVar: [[r.Vulkan.UseRealUBs:1]]
[2024.06.18-14.14.19:318][  0]LogInit: Going up to parent DeviceProfile []
[2024.06.18-14.14.19:319][  0]LogInit: Computer: DESKTOP-FQUJQ80
[2024.06.18-14.14.19:319][  0]LogInit: User: User
[2024.06.18-14.14.19:319][  0]LogInit: CPU Page size=4096, Cores=4
[2024.06.18-14.14.19:319][  0]LogInit: High frequency timer resolution =10.000000 MHz
[2024.06.18-14.14.19:319][  0]LogMemory: Memory total: Physical=7.8GB (8GB approx)
[2024.06.18-14.14.19:319][  0]LogMemory: Platform Memory Stats for Windows
[2024.06.18-14.14.19:319][  0]LogMemory: Process Physical Memory: 100.69 MB used, 100.69 MB peak
[2024.06.18-14.14.19:319][  0]LogMemory: Process Virtual Memory: 91.01 MB used, 91.01 MB peak
[2024.06.18-14.14.19:319][  0]LogMemory: Physical Memory: 5477.66 MB used,  2551.35 MB free, 8029.01 MB total
[2024.06.18-14.14.19:319][  0]LogMemory: Virtual Memory: 4628.53 MB used,  2551.35 MB free, 134217728.00 MB total
[2024.06.18-14.14.19:390][  0]LogInit: Using OS detected language (uk-UA).
[2024.06.18-14.14.19:390][  0]LogInit: Using OS detected locale (uk-UA).
[2024.06.18-14.14.19:392][  0]LogTextLocalizationManager: No localization for 'uk-UA' exists, so 'en' will be used for the language.
[2024.06.18-14.14.19:736][  0]LogStreaming: Display: Took  0.346s to InitEngineTextLocalization.
[2024.06.18-14.14.19:736][  0]LogInit: Setting process to per monitor DPI aware
[2024.06.18-14.14.19:775][  0]LogSlate: New Slate User Created.  User Index 0, Is Virtual User: 0
[2024.06.18-14.14.19:775][  0]LogSlate: Slate User Registered.  User Index 0, Is Virtual User: 0
[2024.06.18-14.14.20:010][  0]LogHMD: Failed to initialize OpenVR with code 110
[2024.06.18-14.14.20:010][  0]LogD3D11RHI: D3D11 adapters:
[2024.06.18-14.14.20:128][  0]LogD3D11RHI:    0. 'NVIDIA GeForce GTX 1650' (Feature Level 11_0)
[2024.06.18-14.14.20:128][  0]LogD3D11RHI:       3962/0/4014 MB DedicatedVideo/DedicatedSystem/SharedSystem, Outputs:1, VendorId:0x10de
[2024.06.18-14.14.20:142][  0]LogD3D11RHI:    1. 'Intel(R) UHD Graphics' (Feature Level 11_0)
[2024.06.18-14.14.20:142][  0]LogD3D11RHI:       128/0/4014 MB DedicatedVideo/DedicatedSystem/SharedSystem, Outputs:0, VendorId:0x8086
[2024.06.18-14.14.20:144][  0]LogD3D11RHI:    2. 'Microsoft Basic Render Driver' (Feature Level 11_0)
[2024.06.18-14.14.20:144][  0]LogD3D11RHI:       0/0/4014 MB DedicatedVideo/DedicatedSystem/SharedSystem, Outputs:0, VendorId:0x1414
[2024.06.18-14.14.20:144][  0]LogD3D11RHI: Chosen D3D11 Adapter: 0
[2024.06.18-14.14.20:153][  0]LogD3D11RHI: Creating new Direct3DDevice
[2024.06.18-14.14.20:153][  0]LogD3D11RHI:     GPU DeviceId: 0x1f99 (for the marketing name, search the web for "GPU Device Id")
[2024.06.18-14.14.20:154][  0]LogWindows: EnumDisplayDevices:
[2024.06.18-14.14.20:154][  0]LogWindows:    0. 'Intel(R) UHD Graphics' (P:1 D:1)
[2024.06.18-14.14.20:154][  0]LogWindows:    1. 'Intel(R) UHD Graphics' (P:0 D:0)
[2024.06.18-14.14.20:154][  0]LogWindows:    2. 'Intel(R) UHD Graphics' (P:0 D:0)
[2024.06.18-14.14.20:154][  0]LogWindows:    3. 'NVIDIA GeForce GTX 1650' (P:0 D:0)
[2024.06.18-14.14.20:154][  0]LogWindows:    4. 'NVIDIA GeForce GTX 1650' (P:0 D:0)
[2024.06.18-14.14.20:154][  0]LogWindows:    5. 'NVIDIA GeForce GTX 1650' (P:0 D:0)
[2024.06.18-14.14.20:155][  0]LogWindows:    6. 'NVIDIA GeForce GTX 1650' (P:0 D:0)
[2024.06.18-14.14.20:155][  0]LogWindows: DebugString: PrimaryIsNotTheChoosenAdapter PrimaryIsNotTheChoosenAdapter PrimaryIsNotTheChoosenAdapter FoundDriverCount:4 
[2024.06.18-14.14.20:155][  0]LogD3D11RHI:     Adapter Name: NVIDIA GeForce GTX 1650
[2024.06.18-14.14.20:155][  0]LogD3D11RHI:   Driver Version: 496.49 (internal:30.0.14.9649, unified:496.49)
[2024.06.18-14.14.20:155][  0]LogD3D11RHI:      Driver Date: 10-20-2021
[2024.06.18-14.14.20:155][  0]LogRHI: Texture pool is 2773 MB (70% of 3962 MB)
[2024.06.18-14.14.20:201][  0]LogD3D11RHI: Async texture creation enabled
[2024.06.18-14.14.20:212][  0]LogD3D11RHI: GPU Timing Frequency: 1000.000000 (Debug: 2 1)
[2024.06.18-14.14.20:215][  0]LogShaderCompilers: Guid format shader working directory is -26 characters bigger than the processId version (../../../../../ProjectsAll/Unreal_engine_4_projects/EaseBuildingSystem/Intermediate/Shaders/WorkingDirectory/14596/).
[2024.06.18-14.14.20:215][  0]LogShaderCompilers: Cleaned the shader compiler working directory 'C:/Users/User/AppData/Local/Temp/UnrealShaderWorkingDir/5EAB31D44BA279E47F9B0C8F88755F1C/'.
[2024.06.18-14.14.20:465][  0]LogTemp: Display: Loaded TP AllDesktopTargetPlatform
[2024.06.18-14.14.20:474][  0]LogTemp: Display: Loaded TP MacClientTargetPlatform
[2024.06.18-14.14.20:485][  0]LogTemp: Display: Loaded TP MacNoEditorTargetPlatform
[2024.06.18-14.14.20:496][  0]LogTemp: Display: Loaded TP MacServerTargetPlatform
[2024.06.18-14.14.20:507][  0]LogTemp: Display: Loaded TP MacTargetPlatform
[2024.06.18-14.14.20:516][  0]LogTemp: Display: Loaded TP WindowsClientTargetPlatform
[2024.06.18-14.14.20:528][  0]LogTemp: Display: Loaded TP WindowsNoEditorTargetPlatform
[2024.06.18-14.14.20:538][  0]LogTemp: Display: Loaded TP WindowsServerTargetPlatform
[2024.06.18-14.14.20:542][  0]LogTemp: Display: Loaded TP WindowsTargetPlatform
[2024.06.18-14.14.20:603][  0]LogTemp: Display: Loaded TP AndroidTargetPlatform
[2024.06.18-14.14.20:603][  0]LogTemp: Display: Loaded TP AndroidTargetPlatform
[2024.06.18-14.14.20:603][  0]LogTemp: Display: Loaded TP AndroidTargetPlatform
[2024.06.18-14.14.20:603][  0]LogTemp: Display: Loaded TP AndroidTargetPlatform
[2024.06.18-14.14.20:603][  0]LogTemp: Display: Loaded TP AndroidTargetPlatform
[2024.06.18-14.14.20:603][  0]LogTemp: Display: Loaded TP AndroidTargetPlatform
[2024.06.18-14.14.20:603][  0]LogTemp: Display: Loaded TP AndroidTargetPlatform
[2024.06.18-14.14.20:603][  0]LogTemp: Display: Loaded TP AndroidTargetPlatform
[2024.06.18-14.14.20:603][  0]LogTemp: Display: Loaded TP AndroidTargetPlatform
[2024.06.18-14.14.20:603][  0]LogTemp: Display: Loaded TP AndroidTargetPlatform
[2024.06.18-14.14.20:603][  0]LogTemp: Display: Loaded TP AndroidTargetPlatform
[2024.06.18-14.14.20:603][  0]LogTemp: Display: Loaded TP AndroidTargetPlatform
[2024.06.18-14.14.20:603][  0]LogTemp: Display: Loaded TP AndroidTargetPlatform
[2024.06.18-14.14.20:603][  0]LogTemp: Display: Loaded TP AndroidTargetPlatform
[2024.06.18-14.14.20:603][  0]LogTemp: Display: Loaded TP AndroidTargetPlatform
[2024.06.18-14.14.20:603][  0]LogTemp: Display: Loaded TP AndroidTargetPlatform
[2024.06.18-14.14.20:603][  0]LogTemp: Display: Loaded TP AndroidTargetPlatform
[2024.06.18-14.14.20:603][  0]LogTemp: Display: Loaded TP AndroidTargetPlatform
[2024.06.18-14.14.20:605][  0]LogTemp: Display: Loaded TP HTML5TargetPlatform
[2024.06.18-14.14.20:666][  0]LogTemp: Display: Loaded TP IOSTargetPlatform
[2024.06.18-14.14.20:666][  0]LogTemp: Display: Loaded TP IOSTargetPlatform
[2024.06.18-14.14.20:686][  0]LogTemp: Display: Loaded TP TVOSTargetPlatform
[2024.06.18-14.14.20:686][  0]LogTemp: Display: Loaded TP TVOSTargetPlatform
[2024.06.18-14.14.20:697][  0]LogTemp: Display: Loaded TP LinuxClientTargetPlatform
[2024.06.18-14.14.20:708][  0]LogTemp: Display: Loaded TP LinuxNoEditorTargetPlatform
[2024.06.18-14.14.20:717][  0]LogTemp: Display: Loaded TP LinuxServerTargetPlatform
[2024.06.18-14.14.20:730][  0]LogTemp: Display: Loaded TP LinuxTargetPlatform
[2024.06.18-14.14.20:738][  0]LogTemp: Display: Loaded TP LuminTargetPlatform
[2024.06.18-14.14.20:738][  0]LogTargetPlatformManager: Display: Building Assets For Windows
[2024.06.18-14.14.20:804][  0]LogXGEController: Cleaning working directory: C:/Users/User/AppData/Local/Temp/UnrealXGEWorkingDir/
[2024.06.18-14.14.20:804][  0]LogXGEController: Cannot use XGE Controller as Incredibuild is not installed on this machine.
[2024.06.18-14.14.20:804][  0]LogShaderCompilers: Cannot use XGE Shader Compiler as Incredibuild is not installed on this machine.
[2024.06.18-14.14.20:804][  0]LogShaderCompilers: Display: Using Local Shader Compiler.
[2024.06.18-14.14.21:445][  0]LogDerivedDataCache: Display: Max Cache Size: 512 MB
[2024.06.18-14.14.21:558][  0]LogDerivedDataCache: Loaded boot cache 0.11s 71MB C:/Users/User/AppData/Local/UnrealEngine/4.20/DerivedDataCache/Boot.ddc.
[2024.06.18-14.14.21:558][  0]LogDerivedDataCache: Display: Loaded Boot cache: C:/Users/User/AppData/Local/UnrealEngine/4.20/DerivedDataCache/Boot.ddc
[2024.06.18-14.14.21:559][  0]LogDerivedDataCache: FDerivedDataBackendGraph:  Pak pak cache file ../../../../../ProjectsAll/Unreal_engine_4_projects/EaseBuildingSystem/DerivedDataCache/DDC.ddp not found, will not use a pak cache.
[2024.06.18-14.14.21:559][  0]LogDerivedDataCache: Unable to find inner node Pak for hierarchical cache Hierarchy.
[2024.06.18-14.14.21:559][  0]LogDerivedDataCache: FDerivedDataBackendGraph:  CompressedPak pak cache file ../../../../../ProjectsAll/Unreal_engine_4_projects/EaseBuildingSystem/DerivedDataCache/Compressed.ddp not found, will not use a pak cache.
[2024.06.18-14.14.21:559][  0]LogDerivedDataCache: Unable to find inner node CompressedPak for hierarchical cache Hierarchy.
[2024.06.18-14.14.21:571][  0]LogDerivedDataCache: Display: Pak cache opened for reading ../../../Engine/DerivedDataCache/Compressed.ddp.
[2024.06.18-14.14.21:584][  0]LogDerivedDataCache: Using Local data cache path C:/Users/User/AppData/Local/UnrealEngine/Common/DerivedDataCache: Writable
[2024.06.18-14.14.21:584][  0]LogDerivedDataCache: Shared data cache path not found in *engine.ini, will not use an Shared cache.
[2024.06.18-14.14.21:584][  0]LogDerivedDataCache: Unable to find inner node Shared for hierarchical cache Hierarchy.
[2024.06.18-14.14.21:604][  0]LogMaterial: Verifying Global Shaders for PCD3D_SM5
[2024.06.18-14.14.21:606][  0]LogSlate: Using FreeType 2.6.0
[2024.06.18-14.14.21:609][  0]LogSlate: SlateFontServices - WITH_FREETYPE: 1, WITH_HARFBUZZ: 1
[2024.06.18-14.14.21:704][  0]LogAssetRegistry: FAssetRegistry took 0.0269 seconds to start up
[2024.06.18-14.14.21:977][  0]LogInit: Selected Device Profile: [Windows]
[2024.06.18-14.14.22:043][  0]LogSimplygon: Simplygon DLL not present - disabling.
[2024.06.18-14.14.22:055][  0]LogMeshReduction: Using SimplygonSwarm for distributed automatic mesh merging
[2024.06.18-14.14.22:055][  0]LogMeshReduction: Using ProxyLODMeshReduction for automatic mesh merging
[2024.06.18-14.14.22:055][  0]LogMeshReduction: Using QuadricMeshReduction for automatic static mesh reduction
[2024.06.18-14.14.22:055][  0]LogMeshReduction: No automatic skeletal mesh reduction module available
[2024.06.18-14.14.22:138][  0]LogNetVersion: EaseBuildingSystem 1.0.0, NetCL: 4212847, EngineNetVer: 5, GameNetVer: 0 (Checksum: 921621894)
[2024.06.18-14.14.22:539][  0]LogPackageLocalizationCache: Processed 11 localized package path(s) for 1 prioritized culture(s) in 0.035597 seconds
[2024.06.18-14.14.22:544][  0]LogUObjectArray: 38425 objects as part of root set at end of initial load.
[2024.06.18-14.14.22:544][  0]LogUObjectAllocator: 6690872 out of 0 bytes used by permanent object pool.
[2024.06.18-14.14.22:544][  0]LogUObjectArray: CloseDisregardForGC: 0/0 objects in disregard for GC pool
[2024.06.18-14.14.23:634][  0]LogTcpMessaging: Initializing TcpMessaging bridge
[2024.06.18-14.14.23:650][  0]LogUdpMessaging: Initializing bridge on interface 0.0.0.0:0 to multicast group 230.0.0.1:6666.
[2024.06.18-14.14.23:837][  0]SourceControl: Source control is disabled
[2024.06.18-14.14.24:330][  0]LogAndroidPermission: UAndroidPermissionCallbackProxy::GetInstance
[2024.06.18-14.14.24:447][  0]LogOcInput: OculusInput pre-init called
[2024.06.18-14.14.24:519][  0]LogEngine: Initializing Engine...
[2024.06.18-14.14.24:521][  0]LogHMD: Failed to initialize OpenVR with code 110
[2024.06.18-14.14.24:523][  0]LogStats: UGameplayTagsManager::ConstructGameplayTagTree: ImportINI prefixes -  0.000 s
[2024.06.18-14.14.24:523][  0]LogStats: UGameplayTagsManager::ConstructGameplayTagTree: Construct from data asset -  0.000 s
[2024.06.18-14.14.24:523][  0]LogStats: UGameplayTagsManager::ConstructGameplayTagTree: ImportINI -  0.000 s
[2024.06.18-14.14.24:523][  0]LogStats: UGameplayTagsManager::ConstructGameplayTagTree: GameplayTagTreeChangedEvent.Broadcast -  0.000 s
[2024.06.18-14.14.24:698][  0]LogInit: Initializing FReadOnlyCVARCache
[2024.06.18-14.14.24:713][  0]LogAIModule: Creating AISystem for world Untitled
[2024.06.18-14.14.24:738][  0]LogInit: XAudio2 using 'Headphones (Realtek(R) Audio)' : 2 channels at 48 kHz using 32 bits per sample (channel mask 0x3)
[2024.06.18-14.14.24:817][  0]LogInit: FAudioDevice initialized.
[2024.06.18-14.14.24:818][  0]LogNetVersion: Set ProjectVersion to v10.0. Version Checksum will be recalculated on next use.
[2024.06.18-14.14.24:859][  0]LogDerivedDataCache: Saved boot cache 0.04s 71MB C:/Users/User/AppData/Local/UnrealEngine/4.20/DerivedDataCache/Boot.ddc.
[2024.06.18-14.14.24:869][  0]LogInit: Texture streaming: Enabled
[2024.06.18-14.14.24:885][  0]LogEngineSessionManager: EngineSessionManager initialized
[2024.06.18-14.14.24:897][  0]LogInit: Transaction tracking system initialized
[2024.06.18-14.14.24:929][  0]BlueprintLog: New page: Editor Load
[2024.06.18-14.14.25:025][  0]LocalizationService: Localization service is disabled
[2024.06.18-14.14.25:254][  0]LogCook: Display: Max memory allowance for cook 16384mb min free memory 0mb
[2024.06.18-14.14.25:254][  0]LogCook: Display: Mobile HDR setting 1
[2024.06.18-14.14.25:255][  0]LogGameplayTags: Display: UGameplayTagsManager::DoneAddingNativeTags. DelegateIsBound: 0
[2024.06.18-14.14.25:255][  0]LogStats: UGameplayTagsManager::ConstructGameplayTagTree: ImportINI prefixes -  0.000 s
[2024.06.18-14.14.25:255][  0]LogStats: UGameplayTagsManager::ConstructGameplayTagTree: Construct from data asset -  0.000 s
[2024.06.18-14.14.25:255][  0]LogStats: UGameplayTagsManager::ConstructGameplayTagTree: ImportINI -  0.000 s
[2024.06.18-14.14.25:255][  0]LogStats: UGameplayTagsManager::ConstructGameplayTagTree: GameplayTagTreeChangedEvent.Broadcast -  0.000 s
[2024.06.18-14.14.25:397][  0]LogFileCache: Scanning file cache for directory 'D:/ProjectsAll/Unreal_engine_4_projects/EaseBuildingSystem/Content/' took 0.02s
[2024.06.18-14.14.25:397][  0]Cmd: MAP LOAD FILE="../../../../../ProjectsAll/Unreal_engine_4_projects/EaseBuildingSystem/Content/EasyBuildingSystem/Maps/Demonstration.umap" TEMPLATE=0 SHOWPROGRESS=1 FEATURELEVEL=3
[2024.06.18-14.14.25:398][  0]LightingResults: New page: Lighting Build
[2024.06.18-14.14.25:401][  0]MapCheck: New page: Map Check
[2024.06.18-14.14.25:401][  0]LightingResults: New page: Lighting Build
[2024.06.18-14.14.32:173][  0]LogAIModule: Creating AISystem for world Demonstration
[2024.06.18-14.14.32:260][  0]LogEditorServer: Finished looking for orphan Actors (0.000 secs)
[2024.06.18-14.14.32:324][  0]Cmd: MAP CHECKDEP NOCLEARLOG
[2024.06.18-14.14.32:486][  0]MapCheck: Map check complete: 0 Error(s), 0 Warning(s), took 161,459ms to complete.
[2024.06.18-14.14.32:487][  0]LogFileHelpers: Loading map 'Demonstration' took 7.089
[2024.06.18-14.14.32:692][  0]LogSlate: Updating window title bar state: overlay mode, drag disabled, window buttons hidden, title bar hidden
[2024.06.18-14.14.32:701][  0]LogSlate: Updating window title bar state: overlay mode, drag disabled, window buttons hidden, title bar hidden
[2024.06.18-14.14.32:710][  0]LogSlate: Updating window title bar state: overlay mode, drag disabled, window buttons hidden, title bar hidden
[2024.06.18-14.14.32:720][  0]LogSlate: Updating window title bar state: overlay mode, drag disabled, window buttons hidden, title bar hidden
[2024.06.18-14.14.32:735][  0]LogCollectionManager: Loaded 0 collections in 0.000653 seconds
[2024.06.18-14.14.32:801][  0]LogFileCache: Scanning file cache for directory 'D:/ProjectsAll/Unreal_engine_4_projects/EaseBuildingSystem/Saved/Collections/' took 0.01s
[2024.06.18-14.14.32:801][  0]LogFileCache: Scanning file cache for directory 'D:/ProjectsAll/Unreal_engine_4_projects/EaseBuildingSystem/Content/Developers/User/Collections/' took 0.01s
[2024.06.18-14.14.32:801][  0]LogFileCache: Scanning file cache for directory 'D:/ProjectsAll/Unreal_engine_4_projects/EaseBuildingSystem/Content/Collections/' took 0.01s
[2024.06.18-14.14.32:802][  0]LogCollectionManager: Rebuilt the GUID cache for 0 collections in 0.000000 seconds
[2024.06.18-14.14.32:816][  0]LogContentBrowser: Native class hierarchy populated in 0.0126 seconds. Added 2581 classes and 608 folders.
[2024.06.18-14.14.32:835][  0]LogContentBrowser: Native class hierarchy updated for 'WidgetCarousel' in 0.0003 seconds. Added 0 classes and 0 folders.
[2024.06.18-14.14.32:936][  0]LogContentBrowser: Native class hierarchy updated for 'AddContentDialog' in 0.0002 seconds. Added 0 classes and 0 folders.
[2024.06.18-14.14.32:949][  0]LogContentBrowser: Native class hierarchy updated for 'SceneOutliner' in 0.0002 seconds. Added 1 classes and 2 folders.
[2024.06.18-14.14.33:008][  0]LogSlate: Took 0.001438 seconds to synchronously load lazily loaded font '../../../Engine/Content/Slate/Fonts/Roboto-Regular.ttf' (155K)
[2024.06.18-14.14.33:013][  0]LogSlate: Took 0.000964 seconds to synchronously load lazily loaded font '../../../Engine/Content/Slate/Fonts/Roboto-Bold.ttf' (160K)
[2024.06.18-14.14.33:020][  0]LogSlate: Took 0.001186 seconds to synchronously load lazily loaded font '../../../Engine/Content/Editor/Slate/Fonts/FontAwesome.ttf' (139K)
[2024.06.18-14.14.33:117][  0]LogRenderer: Reallocating scene render targets to support 980x416 Format 10 NumSamples 1 (Frame:1).
[2024.06.18-14.14.33:415][  0]LogContentBrowser: Native class hierarchy updated for 'HierarchicalLODOutliner' in 0.0002 seconds. Added 0 classes and 0 folders.
[2024.06.18-14.14.33:416][  0]LogLoad: (Engine Initialization) Total time: 16.26 seconds
[2024.06.18-14.14.33:416][  0]LogLoad: (Engine Initialization) Total Blueprint compile time: 0.00 seconds
[2024.06.18-14.14.33:484][  0]LogContentStreaming: Texture pool size now 1000 MB
[2024.06.18-14.14.33:518][  0]LogSlate: Took 0.000869 seconds to synchronously load lazily loaded font '../../../Engine/Content/Slate/Fonts/Roboto-Light.ttf' (167K)
[2024.06.18-14.14.33:601][  1]LogAssetRegistry: Asset discovery search completed in 11.9203 seconds
[2024.06.18-14.14.33:604][  1]LogCollectionManager: Rebuilt the object cache for 0 collections in 0.000000 seconds (found 0 objects)
[2024.06.18-14.14.33:604][  1]LogCollectionManager: Fixed up redirectors for 0 collections in 0.000045 seconds (updated 0 objects)
[2024.06.18-14.14.35:647][119]LogSlate: FSceneViewport::OnFocusLost() reason 2
[2024.06.18-14.14.37:701][242]LogSlate: FSceneViewport::OnFocusLost() reason 2
[2024.06.18-14.20.24:905][664]LogWindowsTextInputMethodSystem: Display: IME system now deactivated.
[2024.06.18-14.20.24:906][664]LogWindowsTextInputMethodSystem: Display: IME system now deactivated.
[2024.06.18-14.20.27:047][773]SourceControl: Source control is disabled
[2024.06.18-14.20.27:048][773]LogSlate: Window 'Source Control Login' being destroyed
[2024.06.18-14.27.42:727][175]LogWindowsTextInputMethodSystem: Display: IME system now deactivated.
[2024.06.18-14.27.42:727][175]LogWindowsTextInputMethodSystem: Display: IME system now deactivated.
[2024.06.18-14.27.44:017][235]LogSlate: FSceneViewport::OnFocusLost() reason 2
[2024.06.18-14.27.46:051][357]LogSlate: FSceneViewport::OnFocusLost() reason 2
[2024.06.18-14.41.12:441][204]LogWindowsTextInputMethodSystem: Display: IME system now deactivated.
[2024.06.18-14.41.12:441][204]LogWindowsTextInputMethodSystem: Display: IME system now deactivated.
[2024.06.18-14.51.01:329][382]LogWindowsTextInputMethodSystem: Display: IME system now deactivated.
[2024.06.18-14.51.01:329][382]LogWindowsTextInputMethodSystem: Display: IME system now deactivated.
[2024.06.18-14.54.54:283][433]LogWindowsTextInputMethodSystem: Display: IME system now deactivated.
[2024.06.18-14.54.54:283][433]LogWindowsTextInputMethodSystem: Display: IME system now deactivated.
[2024.06.18-14.54.58:436][668]SourceControl: Source control is disabled
[2024.06.18-14.54.58:436][668]LogSlate: Window 'Source Control Login' being destroyed
[2024.06.18-14.55.00:457][789]LogSlate: FSceneViewport::OnFocusLost() reason 2
[2024.06.18-14.55.01:923][877]LogSlate: FSceneViewport::OnFocusLost() reason 2
[2024.06.18-14.55.13:606][560]LogSlate: Window 'Source Control Login' being destroyed
[2024.06.18-14.57.05:072][474]LogSlate: FSceneViewport::OnFocusLost() reason 2
[2024.06.18-14.57.10:441][796]LogSlate: FSceneViewport::OnFocusLost() reason 2
[2024.06.18-14.57.15:181][ 73]LogEditorViewport: Clicking on Actor (LMB): Landscape (Landscape)
[2024.06.18-14.57.16:197][128]LogSlate: FSceneViewport::OnFocusLost() reason 0
[2024.06.18-14.57.16:359][134]LogSlate: Window 'Source Control Login' being destroyed
[2024.06.18-14.57.16:361][134]LogSlate: Window 'EaseBuildingSystem - Unreal Editor' being destroyed
[2024.06.18-14.57.16:604][135]Cmd: QUIT_EDITOR
[2024.06.18-14.57.16:647][135]LogWindowsTextInputMethodSystem: Display: IME system now deactivated.
[2024.06.18-14.57.16:656][135]LogExit: Preparing to exit.
[2024.06.18-14.57.17:144][135]LogExit: Editor shut down
[2024.06.18-14.57.17:145][135]LogExit: Transaction tracking system shut down
[2024.06.18-14.57.17:774][135]LogExit: Object subsystem successfully closed.
[2024.06.18-14.57.17:811][135]LogShaderCompilers: Display: Shaders left to compile 0
[2024.06.18-14.57.17:819][135]LogD3D11RHI: Shutdown
[2024.06.18-14.57.17:819][135]LogD3D11RHI: CleanupD3DDevice
[2024.06.18-14.57.17:824][135]LogD3D11RHI: ~FD3D11DynamicRHI
[2024.06.18-14.57.17:867][135]LogModuleManager: Shutting down and abandoning module HierarchicalLODOutliner (614)
[2024.06.18-14.57.17:867][135]LogModuleManager: Shutting down and abandoning module SceneOutliner (612)
[2024.06.18-14.57.17:867][135]LogModuleManager: Shutting down and abandoning module AddContentDialog (610)
[2024.06.18-14.57.17:871][135]LogModuleManager: Shutting down and abandoning module WidgetCarousel (609)
[2024.06.18-14.57.17:871][135]LogModuleManager: Shutting down and abandoning module EditorWidgets (606)
[2024.06.18-14.57.17:871][135]LogModuleManager: Shutting down and abandoning module CollectionManager (604)
[2024.06.18-14.57.17:872][135]LogModuleManager: Shutting down and abandoning module StatsViewer (602)
[2024.06.18-14.57.17:872][135]LogModuleManager: Shutting down and abandoning module FoliageEdit (600)
[2024.06.18-14.57.17:872][135]LogModuleManager: Shutting down and abandoning module LandscapeEditor (598)
[2024.06.18-14.57.17:875][135]LogModuleManager: Shutting down and abandoning module MeshPaintMode (596)
[2024.06.18-14.57.17:876][135]LogModuleManager: Shutting down and abandoning module SceneDepthPickerMode (594)
[2024.06.18-14.57.17:876][135]LogModuleManager: Shutting down and abandoning module ActorPickerMode (592)
[2024.06.18-14.57.17:876][135]LogModuleManager: Shutting down and abandoning module GeometryMode (590)
[2024.06.18-14.57.17:876][135]LogModuleManager: Shutting down and abandoning module TextureAlignMode (588)
[2024.06.18-14.57.17:876][135]LogModuleManager: Shutting down and abandoning module BspMode (586)
[2024.06.18-14.57.17:876][135]LogModuleManager: Shutting down and abandoning module PIEPreviewDeviceProfileSelector (584)
[2024.06.18-14.57.17:876][135]LogModuleManager: Shutting down and abandoning module SequenceRecorderSections (582)
[2024.06.18-14.57.17:876][135]LogModuleManager: Shutting down and abandoning module AutomationWorker (580)
[2024.06.18-14.57.17:877][135]LogModuleManager: Shutting down and abandoning module AudioCaptureEditor (578)
[2024.06.18-14.57.17:877][135]LogModuleManager: Shutting down and abandoning module SequenceRecorder (577)
[2024.06.18-14.57.17:878][135]LogModuleManager: Shutting down and abandoning module MatineeToLevelSequence (574)
[2024.06.18-14.57.17:878][135]LogModuleManager: Shutting down and abandoning module LevelSequenceEditor (572)
[2024.06.18-14.57.17:880][135]LogModuleManager: Shutting down and abandoning module PlacementMode (571)
[2024.06.18-14.57.17:880][135]LogModuleManager: Shutting down and abandoning module MaterialEditor (570)
[2024.06.18-14.57.17:882][135]LogModuleManager: Shutting down and abandoning module WmfMediaFactory (566)
[2024.06.18-14.57.17:882][135]LogModuleManager: Shutting down and abandoning module WmfMediaEditor (564)
[2024.06.18-14.57.17:882][135]LogModuleManager: Shutting down and abandoning module MediaPlayerEditor (562)
[2024.06.18-14.57.17:883][135]LogModuleManager: Shutting down and abandoning module OpenExrWrapper (560)
[2024.06.18-14.57.17:883][135]LogModuleManager: Shutting down and abandoning module ImgMediaFactory (558)
[2024.06.18-14.57.17:883][135]LogModuleManager: Shutting down and abandoning module ImgMediaEditor (556)
[2024.06.18-14.57.17:883][135]LogModuleManager: Shutting down and abandoning module AvfMediaFactory (554)
[2024.06.18-14.57.17:883][135]LogModuleManager: Shutting down and abandoning module AvfMediaEditor (552)
[2024.06.18-14.57.17:883][135]LogModuleManager: Shutting down and abandoning module AndroidMediaFactory (550)
[2024.06.18-14.57.17:883][135]LogModuleManager: Shutting down and abandoning module AndroidMediaEditor (548)
[2024.06.18-14.57.17:883][135]LogModuleManager: Shutting down and abandoning module MagicLeapCameraPreviewFactory (546)
[2024.06.18-14.57.17:883][135]LogModuleManager: Shutting down and abandoning module MagicLeapMediaFactory (544)
[2024.06.18-14.57.17:883][135]LogModuleManager: Shutting down and abandoning module MagicLeapMediaEditor (542)
[2024.06.18-14.57.17:883][135]LogModuleManager: Shutting down and abandoning module CharacterAI (540)
[2024.06.18-14.57.17:883][135]LogModuleManager: Shutting down and abandoning module SmartSnapping (538)
[2024.06.18-14.57.17:883][135]LogModuleManager: Shutting down and abandoning module SessionServices (536)
[2024.06.18-14.57.17:883][135]LogModuleManager: Shutting down and abandoning module ViewportSnapping (534)
[2024.06.18-14.57.17:883][135]LogModuleManager: Shutting down and abandoning module ViewportInteraction (532)
[2024.06.18-14.57.17:883][135]LogModuleManager: Shutting down and abandoning module ClothPainter (530)
[2024.06.18-14.57.17:885][135]LogModuleManager: Shutting down and abandoning module SkeletalMeshEditor (529)
[2024.06.18-14.57.17:886][135]LogModuleManager: Shutting down and abandoning module LogVisualizer (526)
[2024.06.18-14.57.17:887][135]LogModuleManager: Shutting down and abandoning module IntroTutorials (524)
[2024.06.18-14.57.17:888][135]LogModuleManager: Shutting down and abandoning module GameProjectGeneration (523)
[2024.06.18-14.57.17:889][135]LogModuleManager: Shutting down and abandoning module LuminPlatformEditor (520)
[2024.06.18-14.57.17:889][135]LogModuleManager: Shutting down and abandoning module IOSPlatformEditor (518)
[2024.06.18-14.57.17:889][135]LogModuleManager: Shutting down and abandoning module HTML5PlatformEditor (516)
[2024.06.18-14.57.17:889][135]LogModuleManager: Shutting down and abandoning module AndroidPlatformEditor (514)
[2024.06.18-14.57.17:889][135]LogModuleManager: Shutting down and abandoning module AndroidDeviceDetection (513)
[2024.06.18-14.57.18:529][135]LogModuleManager: Shutting down and abandoning module WindowsPlatformEditor (510)
[2024.06.18-14.57.18:529][135]LogModuleManager: Shutting down and abandoning module LuminRuntimeSettings (508)
[2024.06.18-14.57.18:529][135]LogModuleManager: Shutting down and abandoning module IOSRuntimeSettings (506)
[2024.06.18-14.57.18:529][135]LogModuleManager: Shutting down and abandoning module AndroidRuntimeSettings (504)
[2024.06.18-14.57.18:529][135]LogModuleManager: Shutting down and abandoning module InputBindingEditor (502)
[2024.06.18-14.57.18:531][135]LogModuleManager: Shutting down and abandoning module MergeActors (500)
[2024.06.18-14.57.18:532][135]LogModuleManager: Shutting down and abandoning module LocalizationDashboard (498)
[2024.06.18-14.57.18:533][135]LogModuleManager: Shutting down and abandoning module LocalizationService (497)
[2024.06.18-14.57.18:533][135]LogModuleManager: Shutting down and abandoning module HardwareTargeting (494)
[2024.06.18-14.57.18:533][135]LogModuleManager: Shutting down and abandoning module DeviceProfileEditor (492)
[2024.06.18-14.57.18:534][135]LogModuleManager: Shutting down and abandoning module UndoHistory (490)
[2024.06.18-14.57.18:534][135]LogModuleManager: Shutting down and abandoning module XmlParser (488)
[2024.06.18-14.57.18:534][135]LogModuleManager: Shutting down and abandoning module Blutility (486)
[2024.06.18-14.57.18:535][135]LogModuleManager: Shutting down and abandoning module ProjectSettingsViewer (484)
[2024.06.18-14.57.18:535][135]LogModuleManager: Shutting down and abandoning module ProjectTargetPlatformEditor (483)
[2024.06.18-14.57.18:535][135]LogModuleManager: Shutting down and abandoning module EditorSettingsViewer (480)
[2024.06.18-14.57.18:535][135]LogModuleManager: Shutting down and abandoning module SettingsEditor (478)
[2024.06.18-14.57.18:536][135]LogModuleManager: Shutting down and abandoning module ProjectLauncher (476)
[2024.06.18-14.57.18:537][135]LogModuleManager: Shutting down and abandoning module SessionFrontend (474)
[2024.06.18-14.57.18:537][135]LogModuleManager: Shutting down and abandoning module ProfilerClient (472)
[2024.06.18-14.57.18:538][135]LogModuleManager: Shutting down and abandoning module DeviceManager (470)
[2024.06.18-14.57.18:538][135]LogModuleManager: Shutting down and abandoning module TargetDeviceServices (469)
[2024.06.18-14.57.18:591][135]LogModuleManager: Shutting down and abandoning module AutomationController (466)
[2024.06.18-14.57.18:592][135]LogModuleManager: Shutting down and abandoning module AutomationWindow (464)
[2024.06.18-14.57.18:593][135]LogModuleManager: Shutting down and abandoning module Layers (462)
[2024.06.18-14.57.18:595][135]LogModuleManager: Shutting down and abandoning module ComponentVisualizers (460)
[2024.06.18-14.57.18:595][135]LogModuleManager: Shutting down and abandoning module DetailCustomizations (458)
[2024.06.18-14.57.18:595][135]LogModuleManager: Shutting down and abandoning module PackagesDialog (456)
[2024.06.18-14.57.18:596][135]LogModuleManager: Shutting down and abandoning module Persona (454)
[2024.06.18-14.57.18:597][135]LogModuleManager: Shutting down and abandoning module AdvancedPreviewScene (453)
[2024.06.18-14.57.18:597][135]LogModuleManager: Shutting down and abandoning module AnimGraph (451)
[2024.06.18-14.57.18:597][135]LogModuleManager: Shutting down and abandoning module Kismet (448)
[2024.06.18-14.57.18:602][135]LogModuleManager: Shutting down and abandoning module GraphEditor (446)
[2024.06.18-14.57.18:603][135]LogModuleManager: Shutting down and abandoning module ClassViewer (444)
[2024.06.18-14.57.18:603][135]LogModuleManager: Shutting down and abandoning module Toolbox (442)
[2024.06.18-14.57.18:603][135]LogModuleManager: Shutting down and abandoning module ModuleUI (440)
[2024.06.18-14.57.18:603][135]LogModuleManager: Shutting down and abandoning module MovieSceneTools (438)
[2024.06.18-14.57.18:605][135]LogModuleManager: Shutting down and abandoning module OutputLog (436)
[2024.06.18-14.57.18:605][135]LogModuleManager: Shutting down and abandoning module GammaUI (434)
[2024.06.18-14.57.18:605][135]LogModuleManager: Shutting down and abandoning module Documentation (432)
[2024.06.18-14.57.18:605][135]LogModuleManager: Shutting down and abandoning module MovieSceneTracks (430)
[2024.06.18-14.57.18:605][135]LogModuleManager: Shutting down and abandoning module MovieScene (428)
[2024.06.18-14.57.18:606][135]LogModuleManager: Shutting down and abandoning module StreamingPauseRendering (426)
[2024.06.18-14.57.18:606][135]LogModuleManager: Shutting down and abandoning module LauncherPlatform (424)
[2024.06.18-14.57.18:606][135]LogModuleManager: Shutting down and abandoning module AnalyticsET (422)
[2024.06.18-14.57.18:606][135]LogModuleManager: Shutting down and abandoning module PortalServices (420)
[2024.06.18-14.57.18:606][135]LogModuleManager: Shutting down and abandoning module PortalRpc (418)
[2024.06.18-14.57.18:606][135]LogModuleManager: Shutting down and abandoning module MessagingRpc (416)
[2024.06.18-14.57.18:606][135]LogModuleManager: Shutting down and abandoning module AIModule (414)
[2024.06.18-14.57.18:606][135]LogModuleManager: Shutting down and abandoning module GameplayDebugger (413)
[2024.06.18-14.57.18:606][135]LogModuleManager: Shutting down and abandoning module AITestSuite (411)
[2024.06.18-14.57.18:607][135]LogModuleManager: Shutting down and abandoning module NavigationSystem (409)
[2024.06.18-14.57.18:607][135]LogModuleManager: Shutting down and abandoning module DesktopPlatform (406)
[2024.06.18-14.57.18:607][135]LogModuleManager: Shutting down and abandoning module ProfilerService (404)
[2024.06.18-14.57.18:747][135]LogModuleManager: Shutting down and abandoning module TaskGraph (402)
[2024.06.18-14.57.18:748][135]LogModuleManager: Shutting down and abandoning module SteamVRController (400)
[2024.06.18-14.57.18:748][135]LogModuleManager: Shutting down and abandoning module ProceduralMeshComponentEditor (398)
[2024.06.18-14.57.18:748][135]LogModuleManager: Shutting down and abandoning module ProceduralMeshComponent (396)
[2024.06.18-14.57.18:748][135]LogModuleManager: Shutting down and abandoning module OculusInput (394)
[2024.06.18-14.57.18:748][135]LogModuleManager: Shutting down and abandoning module MobilePatchingUtils (392)
[2024.06.18-14.57.18:748][135]LogModuleManager: Shutting down and abandoning module EditableMesh (390)
[2024.06.18-14.57.18:749][135]LogModuleManager: Shutting down and abandoning module CustomMeshComponent (388)
[2024.06.18-14.57.18:749][135]LogModuleManager: Shutting down and abandoning module CableComponent (386)
[2024.06.18-14.57.18:749][135]LogModuleManager: Shutting down and abandoning module AudioCapture (384)
[2024.06.18-14.57.18:749][135]LogModuleManager: Shutting down and abandoning module ArchVisCharacter (382)
[2024.06.18-14.57.18:749][135]LogModuleManager: Shutting down and abandoning module AndroidPermission (380)
[2024.06.18-14.57.18:749][135]LogModuleManager: Shutting down and abandoning module NUTUnrealEngine4 (378)
[2024.06.18-14.57.18:749][135]LogModuleManager: Shutting down and abandoning module NetcodeUnitTest (376)
[2024.06.18-14.57.18:752][135]LogModuleManager: Shutting down and abandoning module MediaCompositingEditor (374)
[2024.06.18-14.57.18:752][135]LogModuleManager: Shutting down and abandoning module MediaCompositing (372)
[2024.06.18-14.57.18:752][135]LogModuleManager: Shutting down and abandoning module LinearTimecode (370)
[2024.06.18-14.57.18:752][135]LogModuleManager: Shutting down and abandoning module ImgMedia (368)
[2024.06.18-14.57.18:756][135]LogModuleManager: Shutting down and abandoning module HTML5Networking (366)
[2024.06.18-14.57.18:756][135]LogModuleManager: Shutting down and abandoning module GeometryCacheTracks (364)
[2024.06.18-14.57.18:756][135]LogModuleManager: Shutting down and abandoning module GeometryCacheSequencer (362)
[2024.06.18-14.57.18:756][135]LogModuleManager: Shutting down and abandoning module BackChannel (360)
[2024.06.18-14.57.18:757][135]LogModuleManager: Shutting down and abandoning module AppleVision (358)
[2024.06.18-14.57.18:757][135]LogModuleManager: Shutting down and abandoning module AppleImageUtils (356)
[2024.06.18-14.57.18:757][135]LogModuleManager: Shutting down and abandoning module AlembicImporter (354)
[2024.06.18-14.57.18:757][135]LogModuleManager: Shutting down and abandoning module AlembicLibrary (353)
[2024.06.18-14.57.18:757][135]LogModuleManager: Shutting down and abandoning module GeometryCache (352)
[2024.06.18-14.57.18:757][135]LogModuleManager: Shutting down and abandoning module GeometryCacheEd (351)
[2024.06.18-14.57.18:757][135]LogModuleManager: Shutting down and abandoning module DatasmithContentEditor (346)
[2024.06.18-14.57.18:757][135]LogModuleManager: Shutting down and abandoning module DatasmithContent (344)
[2024.06.18-14.57.18:757][135]LogModuleManager: Shutting down and abandoning module SpeedTreeImporter (342)
[2024.06.18-14.57.18:757][135]LogModuleManager: Shutting down and abandoning module PluginBrowser (340)
[2024.06.18-14.57.18:759][135]LogModuleManager: Shutting down and abandoning module MobileLauncherProfileWizard (338)
[2024.06.18-14.57.18:759][135]LogModuleManager: Shutting down and abandoning module PolygonModeling (336)
[2024.06.18-14.57.18:759][135]LogModuleManager: Shutting down and abandoning module MeshEditor (334)
[2024.06.18-14.57.18:759][135]LogModuleManager: Shutting down and abandoning module CryptoKeysOpenSSL (332)
[2024.06.18-14.57.18:760][135]LogModuleManager: Shutting down and abandoning module CryptoKeys (330)
[2024.06.18-14.57.18:760][135]LogModuleManager: Shutting down and abandoning module VisualStudioSourceCodeAccess (328)
[2024.06.18-14.57.18:760][135]LogModuleManager: Shutting down and abandoning module VisualStudioCodeSourceCodeAccess (326)
[2024.06.18-14.57.18:760][135]LogModuleManager: Shutting down and abandoning module UObjectPlugin (324)
[2024.06.18-14.57.18:760][135]LogModuleManager: Shutting down and abandoning module SubversionSourceControl (322)
[2024.06.18-14.57.18:760][135]LogModuleManager: Shutting down and abandoning module PerforceSourceControl (320)
[2024.06.18-14.57.18:761][135]LogModuleManager: Shutting down and abandoning module GitSourceControl (318)
[2024.06.18-14.57.18:761][135]LogModuleManager: Shutting down and abandoning module SourceControl (317)
[2024.06.18-14.57.18:761][135]LogModuleManager: Shutting down and abandoning module CLionSourceCodeAccess (314)
[2024.06.18-14.57.18:761][135]LogModuleManager: Shutting down and abandoning module LightPropagationVolumeEditor (312)
[2024.06.18-14.57.18:761][135]LogModuleManager: Shutting down and abandoning module PaperTiledImporter (310)
[2024.06.18-14.57.18:761][135]LogModuleManager: Shutting down and abandoning module PaperSpriteSheetImporter (308)
[2024.06.18-14.57.18:761][135]LogModuleManager: Shutting down and abandoning module Paper2DEditor (306)
[2024.06.18-14.57.18:762][135]LogModuleManager: Shutting down and abandoning module MeshPaint (305)
[2024.06.18-14.57.18:762][135]LogModuleManager: Shutting down and abandoning module RuntimePhysXCooking (302)
[2024.06.18-14.57.18:762][135]LogModuleManager: Shutting down and abandoning module PhysXVehiclesEditor (300)
[2024.06.18-14.57.18:762][135]LogModuleManager: Shutting down and abandoning module PhysXVehicles (298)
[2024.06.18-14.57.18:762][135]LogModuleManager: Shutting down and abandoning module OculusEditor (296)
[2024.06.18-14.57.18:762][135]LogModuleManager: Shutting down and abandoning module LocationServicesBPLibrary (294)
[2024.06.18-14.57.18:762][135]LogModuleManager: Shutting down and abandoning module ImmediatePhysicsEditor (292)
[2024.06.18-14.57.18:762][135]LogModuleManager: Shutting down and abandoning module ImmediatePhysics (290)
[2024.06.18-14.57.18:763][135]LogModuleManager: Shutting down and abandoning module ApexDestructionEditor (288)
[2024.06.18-14.57.18:763][135]LogModuleManager: Shutting down and abandoning module ApexDestruction (286)
[2024.06.18-14.57.18:764][135]LogModuleManager: Shutting down and abandoning module ActorSequence (284)
[2024.06.18-14.57.18:764][135]LogModuleManager: Shutting down and abandoning module UdpMessaging (282)
[2024.06.18-14.57.18:865][135]LogModuleManager: Shutting down and abandoning module TcpMessaging (280)
[2024.06.18-14.57.18:966][135]LogModuleManager: Shutting down and abandoning module MagicLeapAudio (278)
[2024.06.18-14.57.18:966][135]LogModuleManager: Shutting down and abandoning module GameplayTagsEditor (276)
[2024.06.18-14.57.18:967][135]LogModuleManager: Shutting down and abandoning module FacialAnimationEditor (274)
[2024.06.18-14.57.18:967][135]LogModuleManager: Shutting down and abandoning module FacialAnimation (272)
[2024.06.18-14.57.18:967][135]LogModuleManager: Shutting down and abandoning module DataValidation (270)
[2024.06.18-14.57.18:967][135]LogModuleManager: Shutting down and abandoning module AssetManagerEditor (268)
[2024.06.18-14.57.18:968][135]LogModuleManager: Shutting down and abandoning module LevelEditor (267)
[2024.06.18-14.57.18:971][135]LogModuleManager: Shutting down and abandoning module PixelInspectorModule (266)
[2024.06.18-14.57.18:971][135]LogModuleManager: Shutting down and abandoning module CommonMenuExtensions (264)
[2024.06.18-14.57.18:972][135]LogModuleManager: Shutting down and abandoning module MainFrame (262)
[2024.06.18-14.57.18:972][135]LogModuleManager: Shutting down and abandoning module HotReload (261)
[2024.06.18-14.57.18:973][135]LogModuleManager: Shutting down and abandoning module ContentBrowser (257)
[2024.06.18-14.57.18:974][135]LogModuleManager: Shutting down and abandoning module TreeMap (255)
[2024.06.18-14.57.18:975][135]LogModuleManager: Shutting down and abandoning module LightPropagationVolumeRuntime (252)
[2024.06.18-14.57.18:975][135]LogModuleManager: Shutting down and abandoning module AISupportModule (250)
[2024.06.18-14.57.18:975][135]LogModuleManager: Shutting down and abandoning module Paper2D (248)
[2024.06.18-14.57.18:976][135]LogModuleManager: Shutting down and abandoning module WindowsMoviePlayer (246)
[2024.06.18-14.57.18:977][135]LogModuleManager: Shutting down and abandoning module WmfMedia (244)
[2024.06.18-14.57.18:979][135]LogModuleManager: Shutting down and abandoning module Media (243)
[2024.06.18-14.57.18:984][135]LogModuleManager: Shutting down and abandoning module PacketHandler (240)
[2024.06.18-14.57.18:984][135]LogModuleManager: Shutting down and abandoning module ClothingSystemEditor (238)
[2024.06.18-14.57.18:984][135]LogModuleManager: Shutting down and abandoning module ClothingSystemRuntime (236)
[2024.06.18-14.57.18:986][135]LogModuleManager: Shutting down and abandoning module MediaAssets (234)
[2024.06.18-14.57.18:986][135]LogModuleManager: Shutting down and abandoning module Overlay (232)
[2024.06.18-14.57.18:986][135]LogModuleManager: Shutting down and abandoning module OverlayEditor (231)
[2024.06.18-14.57.18:986][135]LogModuleManager: Shutting down and abandoning module VREditor (228)
[2024.06.18-14.57.18:986][135]LogModuleManager: Shutting down and abandoning module StringTableEditor (226)
[2024.06.18-14.57.18:987][135]LogModuleManager: Shutting down and abandoning module GameplayTasksEditor (224)
[2024.06.18-14.57.18:987][135]LogModuleManager: Shutting down and abandoning module BehaviorTreeEditor (222)
[2024.06.18-14.57.18:989][135]LogModuleManager: Shutting down and abandoning module FunctionalTesting (220)
[2024.06.18-14.57.18:990][135]LogModuleManager: Shutting down and abandoning module CollisionAnalyzer (218)
[2024.06.18-14.57.18:991][135]LogModuleManager: Shutting down and abandoning module WorkspaceMenuStructure (217)
[2024.06.18-14.57.18:991][135]LogModuleManager: Shutting down and abandoning module UMG (214)
[2024.06.18-14.57.18:992][135]LogModuleManager: Shutting down and abandoning module UMGEditor (213)
[2024.06.18-14.57.18:993][135]LogModuleManager: Shutting down and abandoning module Sequencer (212)
[2024.06.18-14.57.18:995][135]LogModuleManager: Shutting down and abandoning module MessageLog (209)
[2024.06.18-14.57.18:995][135]LogModuleManager: Shutting down and abandoning module SlateReflector (204)
[2024.06.18-14.57.18:996][135]LogModuleManager: Shutting down and abandoning module Slate (202)
[2024.06.18-14.57.18:996][135]LogModuleManager: Shutting down and abandoning module EditorStyle (200)
[2024.06.18-14.57.18:999][135]LogModuleManager: Shutting down and abandoning module MRMesh (198)
[2024.06.18-14.57.18:999][135]LogModuleManager: Shutting down and abandoning module SourceCodeAccess (196)
[2024.06.18-14.57.18:999][135]LogModuleManager: Shutting down and abandoning module HeadMountedDisplay (194)
[2024.06.18-14.57.18:999][135]LogModuleManager: Shutting down and abandoning module XAudio2 (192)
[2024.06.18-14.57.18:999][135]LogModuleManager: Shutting down and abandoning module Networking (190)
[2024.06.18-14.57.18:999][135]LogModuleManager: Shutting down and abandoning module Core (188)
[2024.06.18-14.57.18:999][135]LogModuleManager: Shutting down and abandoning module LevelSequence (186)
[2024.06.18-14.57.18:999][135]LogModuleManager: Shutting down and abandoning module KismetCompiler (184)
[2024.06.18-14.57.18:999][135]LogModuleManager: Shutting down and abandoning module MeshUtilities (182)
[2024.06.18-14.57.19:000][135]LogModuleManager: Shutting down and abandoning module MeshMergeUtilities (181)
[2024.06.18-14.57.19:000][135]LogModuleManager: Shutting down and abandoning module MeshReductionInterface (180)
[2024.06.18-14.57.19:000][135]LogModuleManager: Shutting down and abandoning module SimplygonSwarm (179)
[2024.06.18-14.57.19:000][135]LogModuleManager: Shutting down and abandoning module ProxyLODMeshReduction (177)
[2024.06.18-14.57.19:001][135]LogModuleManager: Shutting down and abandoning module SimplygonMeshReduction (175)
[2024.06.18-14.57.19:001][135]LogModuleManager: Shutting down and abandoning module QuadricMeshReduction (173)
[2024.06.18-14.57.19:001][135]LogModuleManager: Shutting down and abandoning module MaterialBaking (169)
[2024.06.18-14.57.19:001][135]LogModuleManager: Shutting down and abandoning module DirectoryWatcher (165)
[2024.06.18-14.57.19:002][135]LogModuleManager: Shutting down and abandoning module DerivedDataCache (162)
[2024.06.18-14.57.19:040][135]LogDerivedDataCache: Shutdown
[2024.06.18-14.57.19:040][135]LogModuleManager: Shutting down and abandoning module XGEController (160)
[2024.06.18-14.57.19:040][135]LogXGEController: Cleaning working directory: C:/Users/User/AppData/Local/Temp/UnrealXGEWorkingDir/
[2024.06.18-14.57.19:041][135]LogModuleManager: Shutting down and abandoning module TargetPlatform (158)
[2024.06.18-14.57.19:041][135]LogModuleManager: Shutting down and abandoning module VulkanShaderFormat (157)
[2024.06.18-14.57.19:041][135]LogModuleManager: Shutting down and abandoning module ShaderFormatVectorVM (155)
[2024.06.18-14.57.19:042][135]LogModuleManager: Shutting down and abandoning module ShaderFormatOpenGL (153)
[2024.06.18-14.57.19:044][135]LogModuleManager: Shutting down and abandoning module ShaderFormatD3D (151)
[2024.06.18-14.57.19:044][135]LogModuleManager: Shutting down and abandoning module MetalShaderFormat (149)
[2024.06.18-14.57.19:044][135]LogModuleManager: Shutting down and abandoning module TextureFormatUncompressed (147)
[2024.06.18-14.57.19:044][135]LogModuleManager: Shutting down and abandoning module TextureFormatPVR (145)
[2024.06.18-14.57.19:044][135]LogModuleManager: Shutting down and abandoning module TextureFormatDXT (143)
[2024.06.18-14.57.19:045][135]LogModuleManager: Shutting down and abandoning module TextureFormatIntelISPCTexComp (141)
[2024.06.18-14.57.19:045][135]LogModuleManager: Shutting down and abandoning module TextureFormatASTC (139)
[2024.06.18-14.57.19:045][135]LogModuleManager: Shutting down and abandoning module ImageWrapper (138)
[2024.06.18-14.57.19:045][135]LogModuleManager: Shutting down and abandoning module TextureFormatAndroid (135)
[2024.06.18-14.57.19:045][135]LogModuleManager: Shutting down and abandoning module AudioFormatOpus (133)
[2024.06.18-14.57.19:045][135]LogModuleManager: Shutting down and abandoning module AudioFormatOgg (131)
[2024.06.18-14.57.19:045][135]LogModuleManager: Shutting down and abandoning module AudioFormatADPCM (129)
[2024.06.18-14.57.19:045][135]LogModuleManager: Shutting down and abandoning module LuminTargetPlatform (127)
[2024.06.18-14.57.19:045][135]LogModuleManager: Shutting down and abandoning module LinuxTargetPlatform (125)
[2024.06.18-14.57.19:045][135]LogModuleManager: Shutting down and abandoning module LinuxServerTargetPlatform (123)
[2024.06.18-14.57.19:045][135]LogModuleManager: Shutting down and abandoning module LinuxNoEditorTargetPlatform (121)
[2024.06.18-14.57.19:046][135]LogModuleManager: Shutting down and abandoning module LinuxClientTargetPlatform (119)
[2024.06.18-14.57.19:046][135]LogModuleManager: Shutting down and abandoning module TVOSTargetPlatform (117)
[2024.06.18-14.57.19:055][135]LogModuleManager: Shutting down and abandoning module Messaging (115)
[2024.06.18-14.57.19:055][135]LogModuleManager: Shutting down and abandoning module IOSTargetPlatform (113)
[2024.06.18-14.57.19:058][135]LogModuleManager: Shutting down and abandoning module HTML5TargetPlatform (111)
[2024.06.18-14.57.19:059][135]LogModuleManager: Shutting down and abandoning module AndroidTargetPlatform (109)
[2024.06.18-14.57.19:081][135]LogModuleManager: Shutting down and abandoning module WindowsTargetPlatform (107)
[2024.06.18-14.57.19:081][135]LogModuleManager: Shutting down and abandoning module WindowsServerTargetPlatform (105)
[2024.06.18-14.57.19:082][135]LogModuleManager: Shutting down and abandoning module WindowsNoEditorTargetPlatform (103)
[2024.06.18-14.57.19:082][135]LogModuleManager: Shutting down and abandoning module WindowsClientTargetPlatform (101)
[2024.06.18-14.57.19:082][135]LogModuleManager: Shutting down and abandoning module MacTargetPlatform (99)
[2024.06.18-14.57.19:082][135]LogModuleManager: Shutting down and abandoning module MacServerTargetPlatform (97)
[2024.06.18-14.57.19:082][135]LogModuleManager: Shutting down and abandoning module MacNoEditorTargetPlatform (95)
[2024.06.18-14.57.19:082][135]LogModuleManager: Shutting down and abandoning module MacClientTargetPlatform (93)
[2024.06.18-14.57.19:082][135]LogModuleManager: Shutting down and abandoning module AllDesktopTargetPlatform (91)
[2024.06.18-14.57.19:082][135]LogModuleManager: Shutting down and abandoning module InputCore (88)
[2024.06.18-14.57.19:082][135]LogModuleManager: Shutting down and abandoning module Settings (86)
[2024.06.18-14.57.19:082][135]LogModuleManager: Shutting down and abandoning module PhysXCooking (84)
[2024.06.18-14.57.19:082][135]LogModuleManager: Shutting down and abandoning module SteamVR (82)
[2024.06.18-14.57.19:082][135]LogModuleManager: Shutting down and abandoning module OculusHMD (80)
[2024.06.18-14.57.19:082][135]LogModuleManager: Shutting down and abandoning module ExampleDeviceProfileSelector (78)
[2024.06.18-14.57.19:082][135]LogModuleManager: Shutting down and abandoning module LauncherChunkInstaller (76)
[2024.06.18-14.57.19:082][135]LogModuleManager: Shutting down and abandoning module OnlineBlueprintSupport (74)
[2024.06.18-14.57.19:082][135]LogModuleManager: Shutting down and abandoning module OnlineSubsystem (70)
[2024.06.18-14.57.19:086][135]LogModuleManager: Shutting down and abandoning module XMPP (65)
[2024.06.18-14.57.19:087][135]LogModuleManager: Shutting down and abandoning module WebSockets (64)
[2024.06.18-14.57.19:097][135]LogModuleManager: Shutting down and abandoning module HTTP (61)
[2024.06.18-14.57.19:097][135]LogHttp: Display: Http module shutting down, but needs to wait on 1 outstanding Http requests:
[2024.06.18-14.57.19:097][135]LogHttp: Display: 	verb=[POST] url=[https://datarouter.ol.epicgames.com/datarouter/api/v1/public/data?SessionID=%7BB931132D-4461-F51B-9702-F5A73A8F41EF%7D&AppID=UEEditor.Rocket.Release&AppVersion=4.20.3-4369336%2B%2B%2BUE4%2BRelease-4.20&UserID=5bb161544c323ea1309ddc86e837b89f%7Cfe03068896404a149ddd8230d01cf97f%7C8b118497-0d50-4e3b-aa97-8ac293e54801&AppEnvironment=datacollector-binary&UploadType=eteventstream] status=Processing
[2024.06.18-14.57.19:120][135]LogModuleManager: Shutting down and abandoning module SSL (60)
[2024.06.18-14.57.19:121][135]LogModuleManager: Shutting down and abandoning module MagicLeapEmulator (56)
[2024.06.18-14.57.19:121][135]LogModuleManager: Shutting down and abandoning module MagicLeapPrivileges (54)
[2024.06.18-14.57.19:121][135]LogModuleManager: Shutting down and abandoning module MagicLeapIdentity (52)
[2024.06.18-14.57.19:121][135]LogModuleManager: Shutting down and abandoning module MagicLeapHelperVulkan (50)
[2024.06.18-14.57.19:121][135]LogModuleManager: Shutting down and abandoning module MagicLeapHelperOpenGL (48)
[2024.06.18-14.57.19:121][135]LogModuleManager: Shutting down and abandoning module MagicLeapSecureStorage (46)
[2024.06.18-14.57.19:121][135]LogModuleManager: Shutting down and abandoning module MagicLeapGestures (44)
[2024.06.18-14.57.19:121][135]LogModuleManager: Shutting down and abandoning module MagicLeapEyeTracker (42)
[2024.06.18-14.57.19:121][135]LogModuleManager: Shutting down and abandoning module MagicLeapController (40)
[2024.06.18-14.57.19:122][135]LogSlate: Slate User Destroyed.  User Index 0, Is Virtual User: 0
[2024.06.18-14.57.19:122][135]LogModuleManager: Shutting down and abandoning module MagicLeap (38)
[2024.06.18-14.57.19:122][135]LogModuleManager: Shutting down and abandoning module AnimationModifiers (36)
[2024.06.18-14.57.19:123][135]LogModuleManager: Shutting down and abandoning module PropertyEditor (35)
[2024.06.18-14.57.19:123][135]LogModuleManager: Shutting down and abandoning module AudioEditor (32)
[2024.06.18-14.57.19:124][135]LogModuleManager: Shutting down and abandoning module TextureCompressor (30)
[2024.06.18-14.57.19:126][135]LogModuleManager: Shutting down and abandoning module ShaderCore (28)
[2024.06.18-14.57.19:126][135]LogModuleManager: Shutting down and abandoning module Landscape (26)
[2024.06.18-14.57.19:126][135]LogModuleManager: Shutting down and abandoning module SlateRHIRenderer (24)
[2024.06.18-14.57.19:127][135]LogModuleManager: Shutting down and abandoning module OpenGLDrv (22)
[2024.06.18-14.57.19:127][135]LogModuleManager: Shutting down and abandoning module D3D11RHI (20)
[2024.06.18-14.57.19:127][135]LogModuleManager: Shutting down and abandoning module AnimGraphRuntime (18)
[2024.06.18-14.57.19:127][135]LogModuleManager: Shutting down and abandoning module Renderer (16)
[2024.06.18-14.57.19:127][135]LogModuleManager: Shutting down and abandoning module Engine (14)
[2024.06.18-14.57.19:127][135]LogModuleManager: Shutting down and abandoning module CoreUObject (12)
[2024.06.18-14.57.19:127][135]LogModuleManager: Shutting down and abandoning module NetworkFile (10)
[2024.06.18-14.57.19:128][135]LogModuleManager: Shutting down and abandoning module CookedIterativeFile (8)
[2024.06.18-14.57.19:128][135]LogModuleManager: Shutting down and abandoning module StreamingFile (6)
[2024.06.18-14.57.19:128][135]LogModuleManager: Shutting down and abandoning module SandboxFile (4)
[2024.06.18-14.57.19:128][135]LogModuleManager: Shutting down and abandoning module PakFile (2)
[2024.06.18-14.57.19:133][135]LogExit: Exiting.
[2024.06.18-14.57.19:139][135]Log file closed, 06/18/24 17:57:19
